2025-01-22 14:57:48,986 - my_logger - INFO - This message will be appended to the existing log file
2025-01-22 14:57:48,987 - my_logger - INFO - Calculator started 
2025-01-22 16:19:52,215 - my_logger - INFO - This message will be appended to the existing log file
2025-01-22 16:19:52,215 - my_logger - INFO - Calculator started 
2025-01-22 16:20:01,683 - my_logger - INFO - performing addition 50.0 + 20.0 = 70.0
2025-01-22 16:20:21,421 - my_logger - ERROR - Error : Division by zero not allowed
2025-01-22 16:20:38,983 - my_logger - ERROR - error : substration cannot proceed when the first number is zero.
2025-01-22 18:10:36,607 - my_logger - INFO - This message will be appended to the existing log file
2025-01-22 18:10:36,607 - my_logger - INFO - Calculator started 
2025-01-22 18:11:00,686 - my_logger - ERROR - Error : Division by zero not allowed
2025-01-22 18:15:56,057 - my_logger - INFO - This message will be appended to the existing log file
2025-01-22 18:15:56,057 - my_logger - INFO - Calculator started 
2025-01-22 18:16:04,839 - my_logger - ERROR - ZeroDivisionError error: float division by zero
Traceback (most recent call last):
  File "d:\vidhi\Day 16 Task 16\calculator.py", line 59, in division
    num1/num2
    ~~~~^~~~~
ZeroDivisionError: float division by zero
2025-01-22 18:19:58,668 - my_logger - INFO - This message will be appended to the existing log file
2025-01-22 18:19:58,668 - my_logger - INFO - Calculator started 
2025-01-22 18:20:27,768 - my_logger - INFO - This message will be appended to the existing log file
2025-01-22 18:20:27,768 - my_logger - INFO - Calculator started 
2025-01-22 18:20:33,010 - my_logger - INFO - performing division 50.0 / 2.0 = 25.0
2025-01-22 18:20:59,100 - my_logger - INFO - This message will be appended to the existing log file
2025-01-22 18:20:59,100 - my_logger - INFO - Calculator started 
2025-01-22 18:21:07,298 - my_logger - INFO - performing division 50.0 / 2.0 = 25.0
2025-01-22 18:21:18,218 - my_logger - ERROR - ZeroDivisionError error: float division by zero
Traceback (most recent call last):
  File "d:\vidhi\Day 16 Task 16\calculator.py", line 59, in division
    result = num1/num2
             ~~~~^~~~~
ZeroDivisionError: float division by zero
2025-01-22 18:22:53,600 - my_logger - INFO - This message will be appended to the existing log file
2025-01-22 18:22:53,600 - my_logger - INFO - Calculator started 
2025-01-22 18:23:00,355 - my_logger - ERROR - error : substration cannot proceed when the first number is zero.
2025-01-22 18:23:53,644 - my_logger - ERROR - error : substration cannot proceed when the first number is zero.
2025-01-22 18:24:24,106 - my_logger - INFO - This message will be appended to the existing log file
2025-01-22 18:24:24,106 - my_logger - INFO - Calculator started 
2025-01-22 18:24:37,798 - my_logger - INFO - This message will be appended to the existing log file
2025-01-22 18:24:37,798 - my_logger - INFO - Calculator started 
2025-01-22 18:24:45,260 - my_logger - ERROR - error : substration cannot proceed when the first number is zero.
2025-01-22 18:25:09,599 - my_logger - INFO - This message will be appended to the existing log file
2025-01-22 18:25:09,599 - my_logger - INFO - Calculator started 
2025-01-22 18:25:14,261 - my_logger - INFO - performing substration 0.0 - 5.0 = -5.0
2025-01-22 19:17:25,271 - my_logger - INFO - This message will be appended to the existing log file
2025-01-22 19:17:25,271 - my_logger - INFO - Calculator started 
2025-01-22 19:17:33,197 - my_logger - ERROR - ZeroDivisionError error: float division by zero
Traceback (most recent call last):
  File "d:\vidhi\Day 16 Task 16\calculator.py", line 57, in division
    result = num1/num2
             ~~~~^~~~~
ZeroDivisionError: float division by zero
2025-01-22 19:18:28,838 - my_logger - INFO - This message will be appended to the existing log file
2025-01-22 19:18:28,838 - my_logger - INFO - Calculator started 
2025-01-22 19:18:46,621 - my_logger - INFO - performing division 0.0 / 4.0 = 0.0
2025-01-22 19:19:22,509 - my_logger - INFO - performing addition 50.0 + 50.0 = 100.0
2025-01-22 19:19:33,669 - my_logger - INFO - performing substration 87.0 - 25.0 = 62.0
2025-01-22 19:19:47,701 - my_logger - INFO - performing multiplication 45.0 * 12.0  = 540.0
